<?xml version="1.0" encoding="UTF-8"?>
<!-- Generated by org.testng.reporters.JUnitXMLReporter -->
<testsuite hostname="YEP" name="Default test" tests="5" failures="0" timestamp="18 Dec 2015 09:13:40 GMT" time="133.274" errors="0">
  <testcase name="test" time="17.231" classname="test.AddNewsTest"/>
  <testcase name="test" time="15.452" classname="test.AddNewsTest"/>
  <testcase name="test" time="9.268" classname="test.AddNewsTest"/>
  <testcase name="test" time="15.735" classname="test.AddNewsTest"/>
  <testcase name="test" time="17.087" classname="test.AddNewsTest"/>
</testsuite> <!-- Default test -->
