<?xml version="1.0" encoding="UTF-8"?>
<testng-results skipped="0" failed="0" total="5" passed="5">
  <reporter-output>
  </reporter-output>
  <suite name="Default suite" duration-ms="133274" started-at="2015-12-18T09:11:27Z" finished-at="2015-12-18T09:13:40Z">
    <groups>
    </groups>
    <test name="Default test" duration-ms="133274" started-at="2015-12-18T09:11:27Z" finished-at="2015-12-18T09:13:40Z">
      <class name="test.AddNewsTest">
        <test-method status="PASS" signature="beforeTest()[pri:0, instance:test.AddNewsTest@6aaa5eb0]" name="beforeTest" is-config="true" duration-ms="11873" started-at="2015-12-18T04:11:27Z" finished-at="2015-12-18T04:11:39Z">
          <reporter-output>
          </reporter-output>
        </test-method> <!-- beforeTest -->
        <test-method status="PASS" signature="test(java.lang.String, java.lang.String, java.lang.String, java.lang.String)[pri:0, instance:test.AddNewsTest@6aaa5eb0]" name="test" duration-ms="17231" started-at="2015-12-18T04:11:39Z" data-provider="addnewspage" finished-at="2015-12-18T04:11:56Z">
          <params>
            <param index="0">
              <value>
                <![CDATA[1]]>
              </value>
            </param>
            <param index="1">
              <value>
                <![CDATA[New Title1test]]>
              </value>
            </param>
            <param index="2">
              <value>
                <![CDATA[New Summary1test]]>
              </value>
            </param>
            <param index="3">
              <value>
                <![CDATA[New Description1test]]>
              </value>
            </param>
          </params>
          <reporter-output>
          </reporter-output>
        </test-method> <!-- test -->
        <test-method status="PASS" signature="beforeTest()[pri:0, instance:test.AddNewsTest@6aaa5eb0]" name="beforeTest" is-config="true" duration-ms="10934" started-at="2015-12-18T04:11:56Z" finished-at="2015-12-18T04:12:07Z">
          <reporter-output>
          </reporter-output>
        </test-method> <!-- beforeTest -->
        <test-method status="PASS" signature="test(java.lang.String, java.lang.String, java.lang.String, java.lang.String)[pri:0, instance:test.AddNewsTest@6aaa5eb0]" name="test" duration-ms="15452" started-at="2015-12-18T04:12:07Z" data-provider="addnewspage" finished-at="2015-12-18T04:12:23Z">
          <params>
            <param index="0">
              <value>
                <![CDATA[2]]>
              </value>
            </param>
            <param index="1">
              <value>
                <![CDATA[New Title2test]]>
              </value>
            </param>
            <param index="2">
              <value>
                <![CDATA[New Summary2test]]>
              </value>
            </param>
            <param index="3">
              <value>
                <![CDATA[New Description2test]]>
              </value>
            </param>
          </params>
          <reporter-output>
          </reporter-output>
        </test-method> <!-- test -->
        <test-method status="PASS" signature="beforeTest()[pri:0, instance:test.AddNewsTest@6aaa5eb0]" name="beforeTest" is-config="true" duration-ms="13976" started-at="2015-12-18T04:12:23Z" finished-at="2015-12-18T04:12:37Z">
          <reporter-output>
          </reporter-output>
        </test-method> <!-- beforeTest -->
        <test-method status="PASS" signature="test(java.lang.String, java.lang.String, java.lang.String, java.lang.String)[pri:0, instance:test.AddNewsTest@6aaa5eb0]" name="test" duration-ms="9268" started-at="2015-12-18T04:12:37Z" data-provider="addnewspage" finished-at="2015-12-18T04:12:46Z">
          <params>
            <param index="0">
              <value>
                <![CDATA[3]]>
              </value>
            </param>
            <param index="1">
              <value>
                <![CDATA[New Title3test]]>
              </value>
            </param>
            <param index="2">
              <value>
                <![CDATA[New Summary3test]]>
              </value>
            </param>
            <param index="3">
              <value>
                <![CDATA[New Description3test]]>
              </value>
            </param>
          </params>
          <reporter-output>
          </reporter-output>
        </test-method> <!-- test -->
        <test-method status="PASS" signature="beforeTest()[pri:0, instance:test.AddNewsTest@6aaa5eb0]" name="beforeTest" is-config="true" duration-ms="10520" started-at="2015-12-18T04:12:46Z" finished-at="2015-12-18T04:12:57Z">
          <reporter-output>
          </reporter-output>
        </test-method> <!-- beforeTest -->
        <test-method status="PASS" signature="test(java.lang.String, java.lang.String, java.lang.String, java.lang.String)[pri:0, instance:test.AddNewsTest@6aaa5eb0]" name="test" duration-ms="15735" started-at="2015-12-18T04:12:57Z" data-provider="addnewspage" finished-at="2015-12-18T04:13:12Z">
          <params>
            <param index="0">
              <value>
                <![CDATA[4]]>
              </value>
            </param>
            <param index="1">
              <value>
                <![CDATA[no valido]]>
              </value>
            </param>
            <param index="2">
              <value>
                <![CDATA[New Summary4test]]>
              </value>
            </param>
            <param index="3">
              <value>
                <![CDATA[New Description4test]]>
              </value>
            </param>
          </params>
          <reporter-output>
          </reporter-output>
        </test-method> <!-- test -->
        <test-method status="PASS" signature="beforeTest()[pri:0, instance:test.AddNewsTest@6aaa5eb0]" name="beforeTest" is-config="true" duration-ms="10681" started-at="2015-12-18T04:13:12Z" finished-at="2015-12-18T04:13:23Z">
          <reporter-output>
          </reporter-output>
        </test-method> <!-- beforeTest -->
        <test-method status="PASS" signature="test(java.lang.String, java.lang.String, java.lang.String, java.lang.String)[pri:0, instance:test.AddNewsTest@6aaa5eb0]" name="test" duration-ms="17087" started-at="2015-12-18T04:13:23Z" data-provider="addnewspage" finished-at="2015-12-18T04:13:40Z">
          <params>
            <param index="0">
              <value>
                <![CDATA[5]]>
              </value>
            </param>
            <param index="1">
              <value>
                <![CDATA[New Title5test]]>
              </value>
            </param>
            <param index="2">
              <value>
                <![CDATA[no valido]]>
              </value>
            </param>
            <param index="3">
              <value>
                <![CDATA[no valido]]>
              </value>
            </param>
          </params>
          <reporter-output>
          </reporter-output>
        </test-method> <!-- test -->
      </class> <!-- test.AddNewsTest -->
    </test> <!-- Default test -->
  </suite> <!-- Default suite -->
</testng-results>
