<?xml version="1.0" encoding="UTF-8"?>
<testng-results skipped="0" failed="0" total="2" passed="2">
  <reporter-output>
  </reporter-output>
  <suite name="Default suite" duration-ms="34834" started-at="2015-11-28T01:02:06Z" finished-at="2015-11-28T01:02:41Z">
    <groups>
    </groups>
    <test name="Default test" duration-ms="34834" started-at="2015-11-28T01:02:06Z" finished-at="2015-11-28T01:02:41Z">
      <class name="test.LoginTest">
        <test-method status="PASS" signature="beforeTest()[pri:0, instance:test.LoginTest@22f71333]" name="beforeTest" is-config="true" duration-ms="10785" started-at="2015-11-27T20:02:06Z" finished-at="2015-11-27T20:02:17Z">
          <reporter-output>
          </reporter-output>
        </test-method> <!-- beforeTest -->
        <test-method status="PASS" signature="Successful(java.lang.String, java.lang.String, java.lang.String)[pri:0, instance:test.LoginTest@22f71333]" name="Successful" duration-ms="7792" started-at="2015-11-27T20:02:17Z" data-provider="loginpage" finished-at="2015-11-27T20:02:25Z">
          <params>
            <param index="0">
              <value>
                <![CDATA[1]]>
              </value>
            </param>
            <param index="1">
              <value>
                <![CDATA[pruebacibertec]]>
              </value>
            </param>
            <param index="2">
              <value>
                <![CDATA[pruebacibertec]]>
              </value>
            </param>
          </params>
          <reporter-output>
          </reporter-output>
        </test-method> <!-- Successful -->
        <test-method status="PASS" signature="afterTest()[pri:0, instance:test.LoginTest@22f71333]" name="afterTest" is-config="true" duration-ms="454" started-at="2015-11-27T20:02:25Z" finished-at="2015-11-27T20:02:25Z">
          <reporter-output>
          </reporter-output>
        </test-method> <!-- afterTest -->
        <test-method status="PASS" signature="beforeTest()[pri:0, instance:test.LoginTest@22f71333]" name="beforeTest" is-config="true" duration-ms="10774" started-at="2015-11-27T20:02:25Z" finished-at="2015-11-27T20:02:36Z">
          <reporter-output>
          </reporter-output>
        </test-method> <!-- beforeTest -->
        <test-method status="PASS" signature="Successful(java.lang.String, java.lang.String, java.lang.String)[pri:0, instance:test.LoginTest@22f71333]" name="Successful" duration-ms="4413" started-at="2015-11-27T20:02:36Z" data-provider="loginpage" finished-at="2015-11-27T20:02:40Z">
          <params>
            <param index="0">
              <value>
                <![CDATA[2]]>
              </value>
            </param>
            <param index="1">
              <value>
                <![CDATA[asdasd]]>
              </value>
            </param>
            <param index="2">
              <value>
                <![CDATA[adasd]]>
              </value>
            </param>
          </params>
          <reporter-output>
          </reporter-output>
        </test-method> <!-- Successful -->
        <test-method status="PASS" signature="afterTest()[pri:0, instance:test.LoginTest@22f71333]" name="afterTest" is-config="true" duration-ms="361" started-at="2015-11-27T20:02:40Z" finished-at="2015-11-27T20:02:41Z">
          <reporter-output>
          </reporter-output>
        </test-method> <!-- afterTest -->
      </class> <!-- test.LoginTest -->
    </test> <!-- Default test -->
  </suite> <!-- Default suite -->
</testng-results>
