<?xml version="1.0" encoding="UTF-8"?>
<testng-results skipped="0" failed="0" total="2" passed="2">
  <reporter-output>
  </reporter-output>
  <suite name="Default suite" duration-ms="51121" started-at="2015-11-27T18:50:04Z" finished-at="2015-11-27T18:50:55Z">
    <groups>
    </groups>
    <test name="Default test" duration-ms="51121" started-at="2015-11-27T18:50:04Z" finished-at="2015-11-27T18:50:55Z">
      <class name="test.LoginTest">
        <test-method status="PASS" signature="beforeTest()[pri:0, instance:test.LoginTest@60f82f98]" name="beforeTest" is-config="true" duration-ms="19402" started-at="2015-11-27T13:50:04Z" finished-at="2015-11-27T13:50:24Z">
          <reporter-output>
          </reporter-output>
        </test-method> <!-- beforeTest -->
        <test-method status="PASS" signature="Successful()[pri:0, instance:test.LoginTest@60f82f98]" name="Successful" duration-ms="9168" started-at="2015-11-27T13:50:24Z" finished-at="2015-11-27T13:50:33Z">
          <reporter-output>
          </reporter-output>
        </test-method> <!-- Successful -->
        <test-method status="PASS" signature="beforeTest()[pri:0, instance:test.LoginTest@60f82f98]" name="beforeTest" is-config="true" duration-ms="16132" started-at="2015-11-27T13:50:33Z" finished-at="2015-11-27T13:50:49Z">
          <reporter-output>
          </reporter-output>
        </test-method> <!-- beforeTest -->
        <test-method status="PASS" signature="Unsuccessful()[pri:0, instance:test.LoginTest@60f82f98]" name="Unsuccessful" duration-ms="6409" started-at="2015-11-27T13:50:49Z" finished-at="2015-11-27T13:50:55Z">
          <reporter-output>
          </reporter-output>
        </test-method> <!-- Unsuccessful -->
      </class> <!-- test.LoginTest -->
    </test> <!-- Default test -->
  </suite> <!-- Default suite -->
</testng-results>
