<?xml version="1.0" encoding="UTF-8"?>
<testng-results skipped="0" failed="0" total="2" passed="2">
  <reporter-output>
  </reporter-output>
  <suite name="Default suite" duration-ms="30506" started-at="2015-11-27T06:35:21Z" finished-at="2015-11-27T06:35:51Z">
    <groups>
    </groups>
    <test name="Default test" duration-ms="30506" started-at="2015-11-27T06:35:21Z" finished-at="2015-11-27T06:35:51Z">
      <class name="test.RegisterTest">
        <test-method status="PASS" signature="beforeTest()[pri:0, instance:test.RegisterTest@22f71333]" name="beforeTest" is-config="true" duration-ms="9929" started-at="2015-11-27T01:35:21Z" finished-at="2015-11-27T01:35:31Z">
          <reporter-output>
          </reporter-output>
        </test-method> <!-- beforeTest -->
        <test-method status="PASS" signature="Successful(java.lang.String, java.lang.String, java.lang.String, java.lang.String, java.lang.String, java.lang.String, java.lang.String, java.lang.String, java.lang.String, java.lang.String, java.lang.String)[pri:0, instance:test.RegisterTest@22f71333]" name="Successful" duration-ms="5365" started-at="2015-11-27T01:35:31Z" data-provider="registerPage" finished-at="2015-11-27T01:35:36Z">
          <params>
            <param index="0">
              <value>
                <![CDATA[1]]>
              </value>
            </param>
            <param index="1">
              <value>
                <![CDATA[cibertecpruebs]]>
              </value>
            </param>
            <param index="2">
              <value>
                <![CDATA[cibertecpruebs]]>
              </value>
            </param>
            <param index="3">
              <value>
                <![CDATA[cibertecpruebs]]>
              </value>
            </param>
            <param index="4">
              <value>
                <![CDATA[cibertecpruebs]]>
              </value>
            </param>
            <param index="5">
              <value>
                <![CDATA[cibertecpruebs]]>
              </value>
            </param>
            <param index="6">
              <value>
                <![CDATA[cibertecpruebs@.com]]>
              </value>
            </param>
            <param index="7">
              <value>
                <![CDATA[English]]>
              </value>
            </param>
            <param index="8">
              <value>
                <![CDATA[cibertecpruebs]]>
              </value>
            </param>
            <param index="9">
              <value>
                <![CDATA[cibertecpruebs]]>
              </value>
            </param>
            <param index="10">
              <value>
                <![CDATA[https://www.youtube.com/watch?v=z5o90P6YfEg]]>
              </value>
            </param>
          </params>
          <reporter-output>
          </reporter-output>
        </test-method> <!-- Successful -->
        <test-method status="PASS" signature="beforeTest()[pri:0, instance:test.RegisterTest@22f71333]" name="beforeTest" is-config="true" duration-ms="8927" started-at="2015-11-27T01:35:36Z" finished-at="2015-11-27T01:35:45Z">
          <reporter-output>
          </reporter-output>
        </test-method> <!-- beforeTest -->
        <test-method status="PASS" signature="Successful(java.lang.String, java.lang.String, java.lang.String, java.lang.String, java.lang.String, java.lang.String, java.lang.String, java.lang.String, java.lang.String, java.lang.String, java.lang.String)[pri:0, instance:test.RegisterTest@22f71333]" name="Successful" duration-ms="6027" started-at="2015-11-27T01:35:45Z" data-provider="registerPage" finished-at="2015-11-27T01:35:51Z">
          <params>
            <param index="0">
              <value>
                <![CDATA[2]]>
              </value>
            </param>
            <param index="1">
              <value>
                <![CDATA[cibertecpruebs2]]>
              </value>
            </param>
            <param index="2">
              <value>
                <![CDATA[cibertecpruebs2]]>
              </value>
            </param>
            <param index="3">
              <value>
                <![CDATA[cibertecpruebs2]]>
              </value>
            </param>
            <param index="4">
              <value>
                <![CDATA[cibertecpruebs2]]>
              </value>
            </param>
            <param index="5">
              <value>
                <![CDATA[cibertecpruebs2]]>
              </value>
            </param>
            <param index="6">
              <value>
                <![CDATA[cibertecpruebs2@cibertecpruebs2.com]]>
              </value>
            </param>
            <param index="7">
              <value>
                <![CDATA[(auto)]]>
              </value>
            </param>
            <param index="8">
              <value>
                <![CDATA[cibertecpruebs2]]>
              </value>
            </param>
            <param index="9">
              <value>
                <![CDATA[cibertecpruebs2]]>
              </value>
            </param>
            <param index="10">
              <value>
                <![CDATA[https://www.youtube.com/watch?v=z5o90P6YfEg]]>
              </value>
            </param>
          </params>
          <reporter-output>
          </reporter-output>
        </test-method> <!-- Successful -->
      </class> <!-- test.RegisterTest -->
    </test> <!-- Default test -->
  </suite> <!-- Default suite -->
</testng-results>
